2020/05/15 03:36:29 [error] [exception.CHttpException.404] CHttpException: The system is unable to find the requested action "index.php?r=about". in /home/sports/public_html/yii/framework/web/CController.php:483
Stack trace:
#0 /home/sports/public_html/yii/framework/web/CController.php(270): CController->missingAction('index.php?r=abo...')
#1 /home/sports/public_html/yii/framework/web/CWebApplication.php(282): CController->run('index.php?r=abo...')
#2 /home/sports/public_html/yii/framework/web/CWebApplication.php(141): CWebApplication->runController('badminton/index...')
#3 /home/sports/public_html/yii/framework/base/CApplication.php(180): CWebApplication->processRequest()
#4 /home/sports/public_html/index.php(14): CApplication->run()
#5 {main}
REQUEST_URI=/~sports/index.php?r=badminton/index.php?r=about/kreeda&version=17_1'
---
2020/05/15 03:36:30 [error] [exception.CHttpException.404] CHttpException: The system is unable to find the requested action "index.php?r=about". in /home/sports/public_html/yii/framework/web/CController.php:483
Stack trace:
#0 /home/sports/public_html/yii/framework/web/CController.php(270): CController->missingAction('index.php?r=abo...')
#1 /home/sports/public_html/yii/framework/web/CWebApplication.php(282): CController->run('index.php?r=abo...')
#2 /home/sports/public_html/yii/framework/web/CWebApplication.php(141): CWebApplication->runController('badminton/index...')
#3 /home/sports/public_html/yii/framework/base/CApplication.php(180): CWebApplication->processRequest()
#4 /home/sports/public_html/index.php(14): CApplication->run()
#5 {main}
REQUEST_URI=/~sports/index.php?r=badminton/index.php?r=about/kreeda&version=17_1'
---
2020/05/15 03:36:31 [error] [exception.CHttpException.404] CHttpException: The system is unable to find the requested action "index.php?r=about". in /home/sports/public_html/yii/framework/web/CController.php:483
Stack trace:
#0 /home/sports/public_html/yii/framework/web/CController.php(270): CController->missingAction('index.php?r=abo...')
#1 /home/sports/public_html/yii/framework/web/CWebApplication.php(282): CController->run('index.php?r=abo...')
#2 /home/sports/public_html/yii/framework/web/CWebApplication.php(141): CWebApplication->runController('badminton/index...')
#3 /home/sports/public_html/yii/framework/base/CApplication.php(180): CWebApplication->processRequest()
#4 /home/sports/public_html/index.php(14): CApplication->run()
#5 {main}
REQUEST_URI=/~sports/index.php?r=badminton/index.php?r=about/kreeda&version=17_1'
---
2020/05/15 03:36:32 [error] [exception.CHttpException.404] CHttpException: The system is unable to find the requested action "index.php?r=about". in /home/sports/public_html/yii/framework/web/CController.php:483
Stack trace:
#0 /home/sports/public_html/yii/framework/web/CController.php(270): CController->missingAction('index.php?r=abo...')
#1 /home/sports/public_html/yii/framework/web/CWebApplication.php(282): CController->run('index.php?r=abo...')
#2 /home/sports/public_html/yii/framework/web/CWebApplication.php(141): CWebApplication->runController('badminton/index...')
#3 /home/sports/public_html/yii/framework/base/CApplication.php(180): CWebApplication->processRequest()
#4 /home/sports/public_html/index.php(14): CApplication->run()
#5 {main}
REQUEST_URI=/~sports/index.php?r=badminton/index.php?r=about/kreeda&version=17_1'
---
2020/05/15 03:36:32 [error] [exception.CHttpException.404] CHttpException: The system is unable to find the requested action "index.php?r=about". in /home/sports/public_html/yii/framework/web/CController.php:483
Stack trace:
#0 /home/sports/public_html/yii/framework/web/CController.php(270): CController->missingAction('index.php?r=abo...')
#1 /home/sports/public_html/yii/framework/web/CWebApplication.php(282): CController->run('index.php?r=abo...')
#2 /home/sports/public_html/yii/framework/web/CWebApplication.php(141): CWebApplication->runController('badminton/index...')
#3 /home/sports/public_html/yii/framework/base/CApplication.php(180): CWebApplication->processRequest()
#4 /home/sports/public_html/index.php(14): CApplication->run()
#5 {main}
REQUEST_URI=/~sports/index.php?r=badminton/index.php?r=about/kreeda&version=17_1'
---
2020/05/15 03:36:33 [error] [exception.CHttpException.404] CHttpException: The system is unable to find the requested action "index.php?r=about". in /home/sports/public_html/yii/framework/web/CController.php:483
Stack trace:
#0 /home/sports/public_html/yii/framework/web/CController.php(270): CController->missingAction('index.php?r=abo...')
#1 /home/sports/public_html/yii/framework/web/CWebApplication.php(282): CController->run('index.php?r=abo...')
#2 /home/sports/public_html/yii/framework/web/CWebApplication.php(141): CWebApplication->runController('badminton/index...')
#3 /home/sports/public_html/yii/framework/base/CApplication.php(180): CWebApplication->processRequest()
#4 /home/sports/public_html/index.php(14): CApplication->run()
#5 {main}
REQUEST_URI=/~sports/index.php?r=badminton/index.php?r=about/kreeda&version=17_1'
---
2020/05/15 03:36:34 [error] [exception.CHttpException.404] CHttpException: The system is unable to find the requested action "index.php?r=about". in /home/sports/public_html/yii/framework/web/CController.php:483
Stack trace:
#0 /home/sports/public_html/yii/framework/web/CController.php(270): CController->missingAction('index.php?r=abo...')
#1 /home/sports/public_html/yii/framework/web/CWebApplication.php(282): CController->run('index.php?r=abo...')
#2 /home/sports/public_html/yii/framework/web/CWebApplication.php(141): CWebApplication->runController('badminton/index...')
#3 /home/sports/public_html/yii/framework/base/CApplication.php(180): CWebApplication->processRequest()
#4 /home/sports/public_html/index.php(14): CApplication->run()
#5 {main}
REQUEST_URI=/~sports/index.php?r=badminton/index.php?r=about/kreeda&version=17_1'
---
2020/05/15 03:36:35 [error] [exception.CHttpException.404] CHttpException: The system is unable to find the requested action "index.php?r=about". in /home/sports/public_html/yii/framework/web/CController.php:483
Stack trace:
#0 /home/sports/public_html/yii/framework/web/CController.php(270): CController->missingAction('index.php?r=abo...')
#1 /home/sports/public_html/yii/framework/web/CWebApplication.php(282): CController->run('index.php?r=abo...')
#2 /home/sports/public_html/yii/framework/web/CWebApplication.php(141): CWebApplication->runController('badminton/index...')
#3 /home/sports/public_html/yii/framework/base/CApplication.php(180): CWebApplication->processRequest()
#4 /home/sports/public_html/index.php(14): CApplication->run()
#5 {main}
REQUEST_URI=/~sports/index.php?r=badminton/index.php?r=about/kreeda&version=17_1'
---
2020/05/15 03:36:36 [error] [exception.CHttpException.404] CHttpException: The system is unable to find the requested action "index.php?r=about". in /home/sports/public_html/yii/framework/web/CController.php:483
Stack trace:
#0 /home/sports/public_html/yii/framework/web/CController.php(270): CController->missingAction('index.php?r=abo...')
#1 /home/sports/public_html/yii/framework/web/CWebApplication.php(282): CController->run('index.php?r=abo...')
#2 /home/sports/public_html/yii/framework/web/CWebApplication.php(141): CWebApplication->runController('badminton/index...')
#3 /home/sports/public_html/yii/framework/base/CApplication.php(180): CWebApplication->processRequest()
#4 /home/sports/public_html/index.php(14): CApplication->run()
#5 {main}
REQUEST_URI=/~sports/index.php?r=badminton/index.php?r=about/kreeda&version=17_1'
---
2020/05/15 03:36:38 [error] [exception.CHttpException.404] CHttpException: The system is unable to find the requested action "index.php?r=about". in /home/sports/public_html/yii/framework/web/CController.php:483
Stack trace:
#0 /home/sports/public_html/yii/framework/web/CController.php(270): CController->missingAction('index.php?r=abo...')
#1 /home/sports/public_html/yii/framework/web/CWebApplication.php(282): CController->run('index.php?r=abo...')
#2 /home/sports/public_html/yii/framework/web/CWebApplication.php(141): CWebApplication->runController('badminton/index...')
#3 /home/sports/public_html/yii/framework/base/CApplication.php(180): CWebApplication->processRequest()
#4 /home/sports/public_html/index.php(14): CApplication->run()
#5 {main}
REQUEST_URI=/~sports/index.php?r=badminton/index.php?r=about/kreeda&version=17_1'
---
2020/05/15 03:36:39 [error] [exception.CHttpException.404] CHttpException: The system is unable to find the requested action "index.php?r=about". in /home/sports/public_html/yii/framework/web/CController.php:483
Stack trace:
#0 /home/sports/public_html/yii/framework/web/CController.php(270): CController->missingAction('index.php?r=abo...')
#1 /home/sports/public_html/yii/framework/web/CWebApplication.php(282): CController->run('index.php?r=abo...')
#2 /home/sports/public_html/yii/framework/web/CWebApplication.php(141): CWebApplication->runController('badminton/index...')
#3 /home/sports/public_html/yii/framework/base/CApplication.php(180): CWebApplication->processRequest()
#4 /home/sports/public_html/index.php(14): CApplication->run()
#5 {main}
REQUEST_URI=/~sports/index.php?r=badminton/index.php?r=about/kreeda&version=17_1'
---
2020/05/15 03:36:40 [error] [exception.CHttpException.404] CHttpException: The system is unable to find the requested action "index.php?r=about". in /home/sports/public_html/yii/framework/web/CController.php:483
Stack trace:
#0 /home/sports/public_html/yii/framework/web/CController.php(270): CController->missingAction('index.php?r=abo...')
#1 /home/sports/public_html/yii/framework/web/CWebApplication.php(282): CController->run('index.php?r=abo...')
#2 /home/sports/public_html/yii/framework/web/CWebApplication.php(141): CWebApplication->runController('badminton/index...')
#3 /home/sports/public_html/yii/framework/base/CApplication.php(180): CWebApplication->processRequest()
#4 /home/sports/public_html/index.php(14): CApplication->run()
#5 {main}
REQUEST_URI=/~sports/index.php?r=badminton/index.php?r=about/kreeda&version=17_1'
---
2020/05/15 07:18:18 [error] [php] ldap_search(): Search: Can't contact LDAP server (/home/sports/public_html/protected/components/UserIdentity.php:31)
Stack trace:
#0 /home/sports/public_html/yii/framework/validators/CInlineValidator.php(42): LoginForm->authenticate()
#1 /home/sports/public_html/yii/framework/validators/CValidator.php(213): CInlineValidator->validateAttribute()
#2 /home/sports/public_html/yii/framework/base/CModel.php(159): CInlineValidator->validate()
#3 /home/sports/public_html/protected/controllers/SiteController.php(118): LoginForm->validate()
#4 /home/sports/public_html/yii/framework/web/actions/CInlineAction.php(49): SiteController->actionLogin()
#5 /home/sports/public_html/yii/framework/web/CController.php(308): CInlineAction->runWithParams()
#6 /home/sports/public_html/yii/framework/web/CController.php(286): SiteController->runAction()
#7 /home/sports/public_html/yii/framework/web/CController.php(265): SiteController->runActionWithFilters()
#8 /home/sports/public_html/yii/framework/web/CWebApplication.php(282): SiteController->run()
#9 /home/sports/public_html/yii/framework/web/CWebApplication.php(141): CWebApplication->runController()
#10 /home/sports/public_html/yii/framework/base/CApplication.php(180): CWebApplication->processRequest()
#11 /home/sports/public_html/index.php(14): CWebApplication->run()
REQUEST_URI=/~sports/index.php?r=site/login
2020/05/15 07:18:25 [error] [php] ldap_search(): Search: Can't contact LDAP server (/home/sports/public_html/protected/components/UserIdentity.php:31)
Stack trace:
#0 /home/sports/public_html/yii/framework/validators/CInlineValidator.php(42): LoginForm->authenticate()
#1 /home/sports/public_html/yii/framework/validators/CValidator.php(213): CInlineValidator->validateAttribute()
#2 /home/sports/public_html/yii/framework/base/CModel.php(159): CInlineValidator->validate()
#3 /home/sports/public_html/protected/controllers/SiteController.php(118): LoginForm->validate()
#4 /home/sports/public_html/yii/framework/web/actions/CInlineAction.php(49): SiteController->actionLogin()
#5 /home/sports/public_html/yii/framework/web/CController.php(308): CInlineAction->runWithParams()
#6 /home/sports/public_html/yii/framework/web/CController.php(286): SiteController->runAction()
#7 /home/sports/public_html/yii/framework/web/CController.php(265): SiteController->runActionWithFilters()
#8 /home/sports/public_html/yii/framework/web/CWebApplication.php(282): SiteController->run()
#9 /home/sports/public_html/yii/framework/web/CWebApplication.php(141): CWebApplication->runController()
#10 /home/sports/public_html/yii/framework/base/CApplication.php(180): CWebApplication->processRequest()
#11 /home/sports/public_html/index.php(14): CWebApplication->run()
REQUEST_URI=/~sports/index.php?r=site/login
2020/05/15 09:50:25 [error] [exception.CHttpException.404] CHttpException: The system is unable to find the requested action "page'[0]". in /home/sports/public_html/yii/framework/web/CController.php:483
Stack trace:
#0 /home/sports/public_html/yii/framework/web/CController.php(270): CController->missingAction('page'[0]')
#1 /home/sports/public_html/yii/framework/web/CWebApplication.php(282): CController->run('page'[0]')
#2 /home/sports/public_html/yii/framework/web/CWebApplication.php(141): CWebApplication->runController('boardgames/page...')
#3 /home/sports/public_html/yii/framework/base/CApplication.php(180): CWebApplication->processRequest()
#4 /home/sports/public_html/index.php(14): CApplication->run()
#5 {main}
REQUEST_URI=/~sports/index.php?r=boardgames/page'[0]&view=facilities
HTTP_REFERER=https://gymkhana.iitb.ac.in/~sports/index.php?r=boardgames/page'[0]&view=facilities
---
2020/05/15 09:50:26 [error] [exception.CHttpException.404] CHttpException: The requested view "facilities'[0]" was not found. in /home/sports/public_html/yii/framework/web/actions/CViewAction.php:112
Stack trace:
#0 /home/sports/public_html/yii/framework/web/actions/CViewAction.php(123): CViewAction->resolveView('facilities'[0]')
#1 /home/sports/public_html/yii/framework/web/actions/CAction.php(76): CViewAction->run()
#2 /home/sports/public_html/yii/framework/web/CController.php(308): CAction->runWithParams(Array)
#3 /home/sports/public_html/yii/framework/web/CController.php(286): CController->runAction(Object(CViewAction))
#4 /home/sports/public_html/yii/framework/web/CController.php(265): CController->runActionWithFilters(Object(CViewAction), Array)
#5 /home/sports/public_html/yii/framework/web/CWebApplication.php(282): CController->run('page')
#6 /home/sports/public_html/yii/framework/web/CWebApplication.php(141): CWebApplication->runController('boardgames/page')
#7 /home/sports/public_html/yii/framework/base/CApplication.php(180): CWebApplication->processRequest()
#8 /home/sports/public_html/index.php(14): CApplication->run()
#9 {main}
REQUEST_URI=/~sports/index.php?r=boardgames/page&view=facilities'[0]
HTTP_REFERER=https://gymkhana.iitb.ac.in/~sports/index.php?r=boardgames/page&view=facilities'[0]
---
2020/05/15 09:50:27 [error] [exception.CHttpException.404] CHttpException: Unable to resolve the request ""><script >alert(String.fromCharCode(88,83,83))</script>". in /home/sports/public_html/yii/framework/web/CWebApplication.php:286
Stack trace:
#0 /home/sports/public_html/yii/framework/web/CWebApplication.php(141): CWebApplication->runController('"><script >aler...')
#1 /home/sports/public_html/yii/framework/base/CApplication.php(180): CWebApplication->processRequest()
#2 /home/sports/public_html/index.php(14): CApplication->run()
#3 {main}
REQUEST_URI=/~sports/index.php?r="><script%20>alert(String.fromCharCode(88,83,83))</script>&view=facilities
HTTP_REFERER=https://gymkhana.iitb.ac.in/~sports/index.php?r="><script >alert(String.fromCharCode(88,83,83))</script>&view=facilities
---
2020/05/15 09:50:27 [error] [exception.CHttpException.404] CHttpException: The requested view ""><script >alert(String.fromCharCode(88,83,83))</script>" was not found. in /home/sports/public_html/yii/framework/web/actions/CViewAction.php:112
Stack trace:
#0 /home/sports/public_html/yii/framework/web/actions/CViewAction.php(123): CViewAction->resolveView('"><script >aler...')
#1 /home/sports/public_html/yii/framework/web/actions/CAction.php(76): CViewAction->run()
#2 /home/sports/public_html/yii/framework/web/CController.php(308): CAction->runWithParams(Array)
#3 /home/sports/public_html/yii/framework/web/CController.php(286): CController->runAction(Object(CViewAction))
#4 /home/sports/public_html/yii/framework/web/CController.php(265): CController->runActionWithFilters(Object(CViewAction), Array)
#5 /home/sports/public_html/yii/framework/web/CWebApplication.php(282): CController->run('page')
#6 /home/sports/public_html/yii/framework/web/CWebApplication.php(141): CWebApplication->runController('boardgames/page')
#7 /home/sports/public_html/yii/framework/base/CApplication.php(180): CWebApplication->processRequest()
#8 /home/sports/public_html/index.php(14): CApplication->run()
#9 {main}
REQUEST_URI=/~sports/index.php?r=boardgames/page&view="><script%20>alert(String.fromCharCode(88,83,83))</script>
HTTP_REFERER=https://gymkhana.iitb.ac.in/~sports/index.php?r=boardgames/page&view="><script >alert(String.fromCharCode(88,83,83))</script>
---
2020/05/15 09:50:28 [error] [exception.CHttpException.404] CHttpException: Unable to resolve the request "/etc/passwd". in /home/sports/public_html/yii/framework/web/CWebApplication.php:286
Stack trace:
#0 /home/sports/public_html/yii/framework/web/CWebApplication.php(141): CWebApplication->runController('/etc/passwd')
#1 /home/sports/public_html/yii/framework/base/CApplication.php(180): CWebApplication->processRequest()
#2 /home/sports/public_html/index.php(14): CApplication->run()
#3 {main}
REQUEST_URI=/~sports/index.php?r=/etc/passwd&view=facilities
HTTP_REFERER=https://gymkhana.iitb.ac.in/~sports/index.php?r=/etc/passwd&view=facilities
---
2020/05/15 09:50:29 [error] [exception.CHttpException.404] CHttpException: The requested view "/etc/passwd" was not found. in /home/sports/public_html/yii/framework/web/actions/CViewAction.php:112
Stack trace:
#0 /home/sports/public_html/yii/framework/web/actions/CViewAction.php(123): CViewAction->resolveView('/etc/passwd')
#1 /home/sports/public_html/yii/framework/web/actions/CAction.php(76): CViewAction->run()
#2 /home/sports/public_html/yii/framework/web/CController.php(308): CAction->runWithParams(Array)
#3 /home/sports/public_html/yii/framework/web/CController.php(286): CController->runAction(Object(CViewAction))
#4 /home/sports/public_html/yii/framework/web/CController.php(265): CController->runActionWithFilters(Object(CViewAction), Array)
#5 /home/sports/public_html/yii/framework/web/CWebApplication.php(282): CController->run('page')
#6 /home/sports/public_html/yii/framework/web/CWebApplication.php(141): CWebApplication->runController('boardgames/page')
#7 /home/sports/public_html/yii/framework/base/CApplication.php(180): CWebApplication->processRequest()
#8 /home/sports/public_html/index.php(14): CApplication->run()
#9 {main}
REQUEST_URI=/~sports/index.php?r=boardgames/page&view=/etc/passwd
HTTP_REFERER=https://gymkhana.iitb.ac.in/~sports/index.php?r=boardgames/page&view=/etc/passwd
---
2020/05/15 09:50:30 [error] [exception.CHttpException.404] CHttpException: Unable to resolve the request "Http://Www.Google.Com". in /home/sports/public_html/yii/framework/web/CWebApplication.php:286
Stack trace:
#0 /home/sports/public_html/yii/framework/web/CWebApplication.php(141): CWebApplication->runController('Http://Www.Goog...')
#1 /home/sports/public_html/yii/framework/base/CApplication.php(180): CWebApplication->processRequest()
#2 /home/sports/public_html/index.php(14): CApplication->run()
#3 {main}
REQUEST_URI=/~sports/index.php?r=Http%3a%2f%2fWww.Google.Com&view=facilities
HTTP_REFERER=https://gymkhana.iitb.ac.in/~sports/index.php?r=Http%3a%2f%2fWww.Google.Com&view=facilities
---
2020/05/15 09:50:30 [error] [exception.CHttpException.404] CHttpException: The requested view "Http://Www.Google.Com" was not found. in /home/sports/public_html/yii/framework/web/actions/CViewAction.php:112
Stack trace:
#0 /home/sports/public_html/yii/framework/web/actions/CViewAction.php(123): CViewAction->resolveView('Http://Www.Goog...')
#1 /home/sports/public_html/yii/framework/web/actions/CAction.php(76): CViewAction->run()
#2 /home/sports/public_html/yii/framework/web/CController.php(308): CAction->runWithParams(Array)
#3 /home/sports/public_html/yii/framework/web/CController.php(286): CController->runAction(Object(CViewAction))
#4 /home/sports/public_html/yii/framework/web/CController.php(265): CController->runActionWithFilters(Object(CViewAction), Array)
#5 /home/sports/public_html/yii/framework/web/CWebApplication.php(282): CController->run('page')
#6 /home/sports/public_html/yii/framework/web/CWebApplication.php(141): CWebApplication->runController('boardgames/page')
#7 /home/sports/public_html/yii/framework/base/CApplication.php(180): CWebApplication->processRequest()
#8 /home/sports/public_html/index.php(14): CApplication->run()
#9 {main}
REQUEST_URI=/~sports/index.php?r=boardgames/page&view=Http%3a%2f%2fWww.Google.Com
HTTP_REFERER=https://gymkhana.iitb.ac.in/~sports/index.php?r=boardgames/page&view=Http%3a%2f%2fWww.Google.Com
---
2020/05/15 10:41:13 [error] [exception.CHttpException.404] CHttpException: Unable to resolve the request "badminton'[0]". in /home/sports/public_html/yii/framework/web/CWebApplication.php:286
Stack trace:
#0 /home/sports/public_html/yii/framework/web/CWebApplication.php(141): CWebApplication->runController('badminton'[0]')
#1 /home/sports/public_html/yii/framework/base/CApplication.php(180): CWebApplication->processRequest()
#2 /home/sports/public_html/index.php(14): CApplication->run()
#3 {main}
REQUEST_URI=/~sports/index.php?r=badminton'[0]
HTTP_REFERER=https://gymkhana.iitb.ac.in/~sports/index.php?r=badminton'[0]
---
2020/05/15 10:41:13 [error] [exception.CHttpException.404] CHttpException: Unable to resolve the request ""><script >alert(String.fromCharCode(88,83,83))</script>". in /home/sports/public_html/yii/framework/web/CWebApplication.php:286
Stack trace:
#0 /home/sports/public_html/yii/framework/web/CWebApplication.php(141): CWebApplication->runController('"><script >aler...')
#1 /home/sports/public_html/yii/framework/base/CApplication.php(180): CWebApplication->processRequest()
#2 /home/sports/public_html/index.php(14): CApplication->run()
#3 {main}
REQUEST_URI=/~sports/index.php?r="><script%20>alert(String.fromCharCode(88,83,83))</script>
HTTP_REFERER=https://gymkhana.iitb.ac.in/~sports/index.php?r="><script >alert(String.fromCharCode(88,83,83))</script>
---
2020/05/15 10:41:13 [error] [exception.CHttpException.404] CHttpException: Unable to resolve the request "/etc/passwd". in /home/sports/public_html/yii/framework/web/CWebApplication.php:286
Stack trace:
#0 /home/sports/public_html/yii/framework/web/CWebApplication.php(141): CWebApplication->runController('/etc/passwd')
#1 /home/sports/public_html/yii/framework/base/CApplication.php(180): CWebApplication->processRequest()
#2 /home/sports/public_html/index.php(14): CApplication->run()
#3 {main}
REQUEST_URI=/~sports/index.php?r=/etc/passwd
HTTP_REFERER=https://gymkhana.iitb.ac.in/~sports/index.php?r=/etc/passwd
---
2020/05/15 10:41:14 [error] [exception.CHttpException.404] CHttpException: Unable to resolve the request "Http://Www.Google.Com". in /home/sports/public_html/yii/framework/web/CWebApplication.php:286
Stack trace:
#0 /home/sports/public_html/yii/framework/web/CWebApplication.php(141): CWebApplication->runController('Http://Www.Goog...')
#1 /home/sports/public_html/yii/framework/base/CApplication.php(180): CWebApplication->processRequest()
#2 /home/sports/public_html/index.php(14): CApplication->run()
#3 {main}
REQUEST_URI=/~sports/index.php?r=Http%3a%2f%2fWww.Google.Com
HTTP_REFERER=https://gymkhana.iitb.ac.in/~sports/index.php?r=Http%3a%2f%2fWww.Google.Com
---
2020/05/15 11:43:41 [error] [exception.CHttpException.404] CHttpException: The system is unable to find the requested action "team'[0]". in /home/sports/public_html/yii/framework/web/CController.php:483
Stack trace:
#0 /home/sports/public_html/yii/framework/web/CController.php(270): CController->missingAction('team'[0]')
#1 /home/sports/public_html/yii/framework/web/CWebApplication.php(282): CController->run('team'[0]')
#2 /home/sports/public_html/yii/framework/web/CWebApplication.php(141): CWebApplication->runController('basketball/team...')
#3 /home/sports/public_html/yii/framework/base/CApplication.php(180): CWebApplication->processRequest()
#4 /home/sports/public_html/index.php(14): CApplication->run()
#5 {main}
REQUEST_URI=/~sports/index.php?r=basketball/team'[0]&sport=basketball
HTTP_REFERER=https://gymkhana.iitb.ac.in/~sports/index.php?r=basketball/team'[0]&sport=basketball
---
2020/05/15 11:43:42 [error] [exception.CHttpException.404] CHttpException: Unable to resolve the request ""><script >alert(String.fromCharCode(88,83,83))</script>". in /home/sports/public_html/yii/framework/web/CWebApplication.php:286
Stack trace:
#0 /home/sports/public_html/yii/framework/web/CWebApplication.php(141): CWebApplication->runController('"><script >aler...')
#1 /home/sports/public_html/yii/framework/base/CApplication.php(180): CWebApplication->processRequest()
#2 /home/sports/public_html/index.php(14): CApplication->run()
#3 {main}
REQUEST_URI=/~sports/index.php?r="><script%20>alert(String.fromCharCode(88,83,83))</script>&sport=basketball
HTTP_REFERER=https://gymkhana.iitb.ac.in/~sports/index.php?r="><script >alert(String.fromCharCode(88,83,83))</script>&sport=basketball
---
2020/05/15 11:43:43 [error] [exception.CHttpException.404] CHttpException: Unable to resolve the request "/etc/passwd". in /home/sports/public_html/yii/framework/web/CWebApplication.php:286
Stack trace:
#0 /home/sports/public_html/yii/framework/web/CWebApplication.php(141): CWebApplication->runController('/etc/passwd')
#1 /home/sports/public_html/yii/framework/base/CApplication.php(180): CWebApplication->processRequest()
#2 /home/sports/public_html/index.php(14): CApplication->run()
#3 {main}
REQUEST_URI=/~sports/index.php?r=/etc/passwd&sport=basketball
HTTP_REFERER=https://gymkhana.iitb.ac.in/~sports/index.php?r=/etc/passwd&sport=basketball
---
2020/05/15 11:43:44 [error] [exception.CHttpException.404] CHttpException: Unable to resolve the request "Http://Www.Google.Com". in /home/sports/public_html/yii/framework/web/CWebApplication.php:286
Stack trace:
#0 /home/sports/public_html/yii/framework/web/CWebApplication.php(141): CWebApplication->runController('Http://Www.Goog...')
#1 /home/sports/public_html/yii/framework/base/CApplication.php(180): CWebApplication->processRequest()
#2 /home/sports/public_html/index.php(14): CApplication->run()
#3 {main}
REQUEST_URI=/~sports/index.php?r=Http%3a%2f%2fWww.Google.Com&sport=basketball
HTTP_REFERER=https://gymkhana.iitb.ac.in/~sports/index.php?r=Http%3a%2f%2fWww.Google.Com&sport=basketball
---
2020/05/15 12:42:08 [error] [exception.CHttpException.404] CHttpException: The system is unable to find the requested action "contact'". in /home/sports/public_html/yii/framework/web/CController.php:483
Stack trace:
#0 /home/sports/public_html/yii/framework/web/CController.php(270): CController->missingAction('contact'')
#1 /home/sports/public_html/yii/framework/web/CWebApplication.php(282): CController->run('contact'')
#2 /home/sports/public_html/yii/framework/web/CWebApplication.php(141): CWebApplication->runController('about/contact'')
#3 /home/sports/public_html/yii/framework/base/CApplication.php(180): CWebApplication->processRequest()
#4 /home/sports/public_html/index.php(14): CApplication->run()
#5 {main}
REQUEST_URI=/~sports/index.php?r=about/contact'
---
2020/05/15 13:01:35 [error] [exception.CHttpException.404] CHttpException: The system is unable to find the requested action "contact'". in /home/sports/public_html/yii/framework/web/CController.php:483
Stack trace:
#0 /home/sports/public_html/yii/framework/web/CController.php(270): CController->missingAction('contact'')
#1 /home/sports/public_html/yii/framework/web/CWebApplication.php(282): CController->run('contact'')
#2 /home/sports/public_html/yii/framework/web/CWebApplication.php(141): CWebApplication->runController('about/contact'')
#3 /home/sports/public_html/yii/framework/base/CApplication.php(180): CWebApplication->processRequest()
#4 /home/sports/public_html/index.php(14): CApplication->run()
#5 {main}
REQUEST_URI=/~sports/index.php?r=about/contact'
---
2020/05/15 15:51:32 [error] [php] ldap_search(): Search: Can't contact LDAP server (/home/sports/public_html/protected/components/UserIdentity.php:31)
Stack trace:
#0 /home/sports/public_html/yii/framework/validators/CInlineValidator.php(42): LoginForm->authenticate()
#1 /home/sports/public_html/yii/framework/validators/CValidator.php(213): CInlineValidator->validateAttribute()
#2 /home/sports/public_html/yii/framework/base/CModel.php(159): CInlineValidator->validate()
#3 /home/sports/public_html/protected/controllers/SiteController.php(118): LoginForm->validate()
#4 /home/sports/public_html/yii/framework/web/actions/CInlineAction.php(49): SiteController->actionLogin()
#5 /home/sports/public_html/yii/framework/web/CController.php(308): CInlineAction->runWithParams()
#6 /home/sports/public_html/yii/framework/web/CController.php(286): SiteController->runAction()
#7 /home/sports/public_html/yii/framework/web/CController.php(265): SiteController->runActionWithFilters()
#8 /home/sports/public_html/yii/framework/web/CWebApplication.php(282): SiteController->run()
#9 /home/sports/public_html/yii/framework/web/CWebApplication.php(141): CWebApplication->runController()
#10 /home/sports/public_html/yii/framework/base/CApplication.php(180): CWebApplication->processRequest()
#11 /home/sports/public_html/index.php(14): CWebApplication->run()
REQUEST_URI=/~sports/index.php?r=site/login
2020/05/15 16:05:13 [error] [php] ldap_search(): Search: Can't contact LDAP server (/home/sports/public_html/protected/components/UserIdentity.php:31)
Stack trace:
#0 /home/sports/public_html/yii/framework/validators/CInlineValidator.php(42): LoginForm->authenticate()
#1 /home/sports/public_html/yii/framework/validators/CValidator.php(213): CInlineValidator->validateAttribute()
#2 /home/sports/public_html/yii/framework/base/CModel.php(159): CInlineValidator->validate()
#3 /home/sports/public_html/protected/controllers/SiteController.php(118): LoginForm->validate()
#4 /home/sports/public_html/yii/framework/web/actions/CInlineAction.php(49): SiteController->actionLogin()
#5 /home/sports/public_html/yii/framework/web/CController.php(308): CInlineAction->runWithParams()
#6 /home/sports/public_html/yii/framework/web/CController.php(286): SiteController->runAction()
#7 /home/sports/public_html/yii/framework/web/CController.php(265): SiteController->runActionWithFilters()
#8 /home/sports/public_html/yii/framework/web/CWebApplication.php(282): SiteController->run()
#9 /home/sports/public_html/yii/framework/web/CWebApplication.php(141): CWebApplication->runController()
#10 /home/sports/public_html/yii/framework/base/CApplication.php(180): CWebApplication->processRequest()
#11 /home/sports/public_html/index.php(14): CWebApplication->run()
REQUEST_URI=/~sports/index.php?r=site/login
2020/05/15 18:47:30 [error] [php] ldap_search(): Search: Can't contact LDAP server (/home/sports/public_html/protected/components/UserIdentity.php:31)
Stack trace:
#0 /home/sports/public_html/yii/framework/validators/CInlineValidator.php(42): LoginForm->authenticate()
#1 /home/sports/public_html/yii/framework/validators/CValidator.php(213): CInlineValidator->validateAttribute()
#2 /home/sports/public_html/yii/framework/base/CModel.php(159): CInlineValidator->validate()
#3 /home/sports/public_html/protected/controllers/SiteController.php(118): LoginForm->validate()
#4 /home/sports/public_html/yii/framework/web/actions/CInlineAction.php(49): SiteController->actionLogin()
#5 /home/sports/public_html/yii/framework/web/CController.php(308): CInlineAction->runWithParams()
#6 /home/sports/public_html/yii/framework/web/CController.php(286): SiteController->runAction()
#7 /home/sports/public_html/yii/framework/web/CController.php(265): SiteController->runActionWithFilters()
#8 /home/sports/public_html/yii/framework/web/CWebApplication.php(282): SiteController->run()
#9 /home/sports/public_html/yii/framework/web/CWebApplication.php(141): CWebApplication->runController()
#10 /home/sports/public_html/yii/framework/base/CApplication.php(180): CWebApplication->processRequest()
#11 /home/sports/public_html/index.php(14): CWebApplication->run()
REQUEST_URI=/%7Esports/index.php?r=site/login
2020/05/15 22:15:34 [error] [exception.CHttpException.404] CHttpException: Unable to resolve the request "adv'[0]". in /home/sports/public_html/yii/framework/web/CWebApplication.php:286
Stack trace:
#0 /home/sports/public_html/yii/framework/web/CWebApplication.php(141): CWebApplication->runController('adv'[0]')
#1 /home/sports/public_html/yii/framework/base/CApplication.php(180): CWebApplication->processRequest()
#2 /home/sports/public_html/index.php(14): CApplication->run()
#3 {main}
REQUEST_URI=/~sports/index.php?r=adv'[0]
HTTP_REFERER=https://gymkhana.iitb.ac.in/~sports/index.php?r=adv'[0]
---
